Analysis & Synthesis report for timer
Tue Feb 11 09:15:33 2025
Quartus II 64-Bit Version 13.0.1 Build 232 06/12/2013 Service Pack 1 SJ Web Edition


---------------------
; Table of Contents ;
---------------------
  1. Legal Notice
  2. Analysis & Synthesis Summary
  3. Analysis & Synthesis Settings
  4. Parallel Compilation
  5. Analysis & Synthesis Source Files Read
  6. Analysis & Synthesis Resource Usage Summary
  7. Analysis & Synthesis Resource Utilization by Entity
  8. User-Specified and Inferred Latches
  9. Registers Removed During Synthesis
 10. General Register Statistics
 11. Inverted Register Statistics
 12. Multiplexer Restructuring Statistics (Restructuring Performed)
 13. Parameter Settings for Inferred Entity Instance: secdiv:inst7|lpm_divide:Mod0
 14. Parameter Settings for Inferred Entity Instance: secdiv:inst7|lpm_divide:Div0
 15. Elapsed Time Per Partition
 16. Analysis & Synthesis Messages
 17. Analysis & Synthesis Suppressed Messages



----------------
; Legal Notice ;
----------------
Copyright (C) 1991-2013 Altera Corporation
Your use of Altera Corporation's design tools, logic functions 
and other software and tools, and its AMPP partner logic 
functions, and any output files from any of the foregoing 
(including device programming or simulation files), and any 
associated documentation or information are expressly subject 
to the terms and conditions of the Altera Program License 
Subscription Agreement, Altera MegaCore Function License 
Agreement, or other applicable license agreement, including, 
without limitation, that your use is for the sole purpose of 
programming logic devices manufactured by Altera and sold by 
Altera or its authorized distributors.  Please refer to the 
applicable agreement for further details.



+--------------------------------------------------------------------------------------+
; Analysis & Synthesis Summary                                                         ;
+------------------------------------+-------------------------------------------------+
; Analysis & Synthesis Status        ; Successful - Tue Feb 11 09:15:33 2025           ;
; Quartus II 64-Bit Version          ; 13.0.1 Build 232 06/12/2013 SP 1 SJ Web Edition ;
; Revision Name                      ; timer                                           ;
; Top-level Entity Name              ; timer                                           ;
; Family                             ; Cyclone II                                      ;
; Total logic elements               ; 240                                             ;
;     Total combinational functions  ; 225                                             ;
;     Dedicated logic registers      ; 76                                              ;
; Total registers                    ; 76                                              ;
; Total pins                         ; 93                                              ;
; Total virtual pins                 ; 0                                               ;
; Total memory bits                  ; 0                                               ;
; Embedded Multiplier 9-bit elements ; 0                                               ;
; Total PLLs                         ; 0                                               ;
+------------------------------------+-------------------------------------------------+


+----------------------------------------------------------------------------------------------------------------------+
; Analysis & Synthesis Settings                                                                                        ;
+----------------------------------------------------------------------------+--------------------+--------------------+
; Option                                                                     ; Setting            ; Default Value      ;
+----------------------------------------------------------------------------+--------------------+--------------------+
; Device                                                                     ; EP2C35F672C6       ;                    ;
; Top-level entity name                                                      ; timer              ; timer              ;
; Family name                                                                ; Cyclone II         ; Cyclone IV GX      ;
; Use smart compilation                                                      ; Off                ; Off                ;
; Enable parallel Assembler and TimeQuest Timing Analyzer during compilation ; On                 ; On                 ;
; Enable compact report table                                                ; Off                ; Off                ;
; Restructure Multiplexers                                                   ; Auto               ; Auto               ;
; Create Debugging Nodes for IP Cores                                        ; Off                ; Off                ;
; Preserve fewer node names                                                  ; On                 ; On                 ;
; Disable OpenCore Plus hardware evaluation                                  ; Off                ; Off                ;
; Verilog Version                                                            ; Verilog_2001       ; Verilog_2001       ;
; VHDL Version                                                               ; VHDL_1993          ; VHDL_1993          ;
; State Machine Processing                                                   ; Auto               ; Auto               ;
; Safe State Machine                                                         ; Off                ; Off                ;
; Extract Verilog State Machines                                             ; On                 ; On                 ;
; Extract VHDL State Machines                                                ; On                 ; On                 ;
; Ignore Verilog initial constructs                                          ; Off                ; Off                ;
; Iteration limit for constant Verilog loops                                 ; 5000               ; 5000               ;
; Iteration limit for non-constant Verilog loops                             ; 250                ; 250                ;
; Add Pass-Through Logic to Inferred RAMs                                    ; On                 ; On                 ;
; Infer RAMs from Raw Logic                                                  ; On                 ; On                 ;
; Parallel Synthesis                                                         ; On                 ; On                 ;
; DSP Block Balancing                                                        ; Auto               ; Auto               ;
; NOT Gate Push-Back                                                         ; On                 ; On                 ;
; Power-Up Don't Care                                                        ; On                 ; On                 ;
; Remove Redundant Logic Cells                                               ; Off                ; Off                ;
; Remove Duplicate Registers                                                 ; On                 ; On                 ;
; Ignore CARRY Buffers                                                       ; Off                ; Off                ;
; Ignore CASCADE Buffers                                                     ; Off                ; Off                ;
; Ignore GLOBAL Buffers                                                      ; Off                ; Off                ;
; Ignore ROW GLOBAL Buffers                                                  ; Off                ; Off                ;
; Ignore LCELL Buffers                                                       ; Off                ; Off                ;
; Ignore SOFT Buffers                                                        ; On                 ; On                 ;
; Limit AHDL Integers to 32 Bits                                             ; Off                ; Off                ;
; Optimization Technique                                                     ; Balanced           ; Balanced           ;
; Carry Chain Length                                                         ; 70                 ; 70                 ;
; Auto Carry Chains                                                          ; On                 ; On                 ;
; Auto Open-Drain Pins                                                       ; On                 ; On                 ;
; Perform WYSIWYG Primitive Resynthesis                                      ; Off                ; Off                ;
; Auto ROM Replacement                                                       ; On                 ; On                 ;
; Auto RAM Replacement                                                       ; On                 ; On                 ;
; Auto Shift Register Replacement                                            ; Auto               ; Auto               ;
; Allow Shift Register Merging across Hierarchies                            ; Auto               ; Auto               ;
; Auto Clock Enable Replacement                                              ; On                 ; On                 ;
; Strict RAM Replacement                                                     ; Off                ; Off                ;
; Allow Synchronous Control Signals                                          ; On                 ; On                 ;
; Force Use of Synchronous Clear Signals                                     ; Off                ; Off                ;
; Auto RAM to Logic Cell Conversion                                          ; Off                ; Off                ;
; Auto Resource Sharing                                                      ; Off                ; Off                ;
; Allow Any RAM Size For Recognition                                         ; Off                ; Off                ;
; Allow Any ROM Size For Recognition                                         ; Off                ; Off                ;
; Allow Any Shift Register Size For Recognition                              ; Off                ; Off                ;
; Use LogicLock Constraints during Resource Balancing                        ; On                 ; On                 ;
; Ignore translate_off and synthesis_off directives                          ; Off                ; Off                ;
; Timing-Driven Synthesis                                                    ; Off                ; Off                ;
; Report Parameter Settings                                                  ; On                 ; On                 ;
; Report Source Assignments                                                  ; On                 ; On                 ;
; Report Connectivity Checks                                                 ; On                 ; On                 ;
; Ignore Maximum Fan-Out Assignments                                         ; Off                ; Off                ;
; Synchronization Register Chain Length                                      ; 2                  ; 2                  ;
; PowerPlay Power Optimization                                               ; Normal compilation ; Normal compilation ;
; HDL message level                                                          ; Level2             ; Level2             ;
; Suppress Register Optimization Related Messages                            ; Off                ; Off                ;
; Number of Removed Registers Reported in Synthesis Report                   ; 5000               ; 5000               ;
; Number of Swept Nodes Reported in Synthesis Report                         ; 5000               ; 5000               ;
; Number of Inverted Registers Reported in Synthesis Report                  ; 100                ; 100                ;
; Clock MUX Protection                                                       ; On                 ; On                 ;
; Auto Gated Clock Conversion                                                ; Off                ; Off                ;
; Block Design Naming                                                        ; Auto               ; Auto               ;
; SDC constraint protection                                                  ; Off                ; Off                ;
; Synthesis Effort                                                           ; Auto               ; Auto               ;
; Shift Register Replacement - Allow Asynchronous Clear Signal               ; On                 ; On                 ;
; Pre-Mapping Resynthesis Optimization                                       ; Off                ; Off                ;
; Analysis & Synthesis Message Level                                         ; Medium             ; Medium             ;
; Disable Register Merging Across Hierarchies                                ; Auto               ; Auto               ;
; Resource Aware Inference For Block RAM                                     ; On                 ; On                 ;
; Synthesis Seed                                                             ; 1                  ; 1                  ;
+----------------------------------------------------------------------------+--------------------+--------------------+


Parallel compilation was disabled, but you have multiple processors available. Enable parallel compilation to reduce compilation time.
+-------------------------------------+
; Parallel Compilation                ;
+----------------------------+--------+
; Processors                 ; Number ;
+----------------------------+--------+
; Number detected on machine ; 4      ;
; Maximum allowed            ; 1      ;
+----------------------------+--------+


+-----------------------------------------------------------------------------------------------------------------------------------------------------------------------------------------------------------------+
; Analysis & Synthesis Source Files Read                                                                                                                                                                          ;
+----------------------------------+-----------------+------------------------------------+-------------------------------------------------------------------------------------------------------------+---------+
; File Name with User-Entered Path ; Used in Netlist ; File Type                          ; File Name with Absolute Path                                                                                ; Library ;
+----------------------------------+-----------------+------------------------------------+-------------------------------------------------------------------------------------------------------------+---------+
; deccounter.sv                    ; yes             ; User SystemVerilog HDL File        ; C:/Users/aluno/Desktop/LCL-C1-2024.2-main/LCL-C1-2024.2-main/projeto_final_C1/PF/deccounter.sv              ;         ;
; timer.bdf                        ; yes             ; User Block Diagram/Schematic File  ; C:/Users/aluno/Desktop/LCL-C1-2024.2-main/LCL-C1-2024.2-main/projeto_final_C1/PF/timer.bdf                  ;         ;
; seccounter.sv                    ; yes             ; User SystemVerilog HDL File        ; C:/Users/aluno/Desktop/LCL-C1-2024.2-main/LCL-C1-2024.2-main/projeto_final_C1/PF/seccounter.sv              ;         ;
; secdiv.sv                        ; yes             ; User SystemVerilog HDL File        ; C:/Users/aluno/Desktop/LCL-C1-2024.2-main/LCL-C1-2024.2-main/projeto_final_C1/PF/secdiv.sv                  ;         ;
; mincounter.sv                    ; yes             ; User SystemVerilog HDL File        ; C:/Users/aluno/Desktop/LCL-C1-2024.2-main/LCL-C1-2024.2-main/projeto_final_C1/PF/mincounter.sv              ;         ;
; decoder.sv                       ; yes             ; User SystemVerilog HDL File        ; C:/Users/aluno/Desktop/LCL-C1-2024.2-main/LCL-C1-2024.2-main/projeto_final_C1/PF/decoder.sv                 ;         ;
; FDIV.sv                          ; yes             ; User SystemVerilog HDL File        ; C:/Users/aluno/Desktop/LCL-C1-2024.2-main/LCL-C1-2024.2-main/projeto_final_C1/PF/FDIV.sv                    ;         ;
; clocker.sv                       ; yes             ; User SystemVerilog HDL File        ; C:/Users/aluno/Desktop/LCL-C1-2024.2-main/LCL-C1-2024.2-main/projeto_final_C1/PF/clocker.sv                 ;         ;
; LFSRop.sv                        ; yes             ; User SystemVerilog HDL File        ; C:/Users/aluno/Desktop/LCL-C1-2024.2-main/LCL-C1-2024.2-main/projeto_final_C1/PF/LFSRop.sv                  ;         ;
; calculator.sv                    ; yes             ; User SystemVerilog HDL File        ; C:/Users/aluno/Desktop/LCL-C1-2024.2-main/LCL-C1-2024.2-main/projeto_final_C1/PF/calculator.sv              ;         ;
; LFSRpass.sv                      ; yes             ; User SystemVerilog HDL File        ; C:/Users/aluno/Desktop/LCL-C1-2024.2-main/LCL-C1-2024.2-main/projeto_final_C1/PF/LFSRpass.sv                ;         ;
; passcreator.sv                   ; yes             ; User SystemVerilog HDL File        ; C:/Users/aluno/Desktop/LCL-C1-2024.2-main/LCL-C1-2024.2-main/projeto_final_C1/PF/passcreator.sv             ;         ;
; lighter.sv                       ; yes             ; User SystemVerilog HDL File        ; C:/Users/aluno/Desktop/LCL-C1-2024.2-main/LCL-C1-2024.2-main/projeto_final_C1/PF/lighter.sv                 ;         ;
; opcreator.sv                     ; yes             ; User SystemVerilog HDL File        ; C:/Users/aluno/Desktop/LCL-C1-2024.2-main/LCL-C1-2024.2-main/projeto_final_C1/PF/opcreator.sv               ;         ;
; check.sv                         ; yes             ; User SystemVerilog HDL File        ; C:/Users/aluno/Desktop/LCL-C1-2024.2-main/LCL-C1-2024.2-main/projeto_final_C1/PF/check.sv                   ;         ;
; latchsr.sv                       ; yes             ; User SystemVerilog HDL File        ; C:/Users/aluno/Desktop/LCL-C1-2024.2-main/LCL-C1-2024.2-main/projeto_final_C1/PF/latchsr.sv                 ;         ;
; zeroer.sv                        ; yes             ; User SystemVerilog HDL File        ; C:/Users/aluno/Desktop/LCL-C1-2024.2-main/LCL-C1-2024.2-main/projeto_final_C1/PF/zeroer.sv                  ;         ;
; output_files/negator.sv          ; yes             ; User SystemVerilog HDL File        ; C:/Users/aluno/Desktop/LCL-C1-2024.2-main/LCL-C1-2024.2-main/projeto_final_C1/PF/output_files/negator.sv    ;         ;
; funfador.sv                      ; yes             ; User SystemVerilog HDL File        ; C:/Users/aluno/Desktop/LCL-C1-2024.2-main/LCL-C1-2024.2-main/projeto_final_C1/PF/funfador.sv                ;         ;
; blow.sv                          ; yes             ; User SystemVerilog HDL File        ; C:/Users/aluno/Desktop/LCL-C1-2024.2-main/LCL-C1-2024.2-main/projeto_final_C1/PF/blow.sv                    ;         ;
; lpm_divide.tdf                   ; yes             ; Megafunction                       ; c:/altera/13.0sp1/quartus/libraries/megafunctions/lpm_divide.tdf                                            ;         ;
; abs_divider.inc                  ; yes             ; Megafunction                       ; c:/altera/13.0sp1/quartus/libraries/megafunctions/abs_divider.inc                                           ;         ;
; sign_div_unsign.inc              ; yes             ; Megafunction                       ; c:/altera/13.0sp1/quartus/libraries/megafunctions/sign_div_unsign.inc                                       ;         ;
; aglobal130.inc                   ; yes             ; Megafunction                       ; c:/altera/13.0sp1/quartus/libraries/megafunctions/aglobal130.inc                                            ;         ;
; db/lpm_divide_25m.tdf            ; yes             ; Auto-Generated Megafunction        ; C:/Users/aluno/Desktop/LCL-C1-2024.2-main/LCL-C1-2024.2-main/projeto_final_C1/PF/db/lpm_divide_25m.tdf      ;         ;
; db/sign_div_unsign_9kh.tdf       ; yes             ; Auto-Generated Megafunction        ; C:/Users/aluno/Desktop/LCL-C1-2024.2-main/LCL-C1-2024.2-main/projeto_final_C1/PF/db/sign_div_unsign_9kh.tdf ;         ;
; db/alt_u_div_08f.tdf             ; yes             ; Auto-Generated Megafunction        ; C:/Users/aluno/Desktop/LCL-C1-2024.2-main/LCL-C1-2024.2-main/projeto_final_C1/PF/db/alt_u_div_08f.tdf       ;         ;
; db/add_sub_1tc.tdf               ; yes             ; Auto-Generated Megafunction        ; C:/Users/aluno/Desktop/LCL-C1-2024.2-main/LCL-C1-2024.2-main/projeto_final_C1/PF/db/add_sub_1tc.tdf         ;         ;
; db/add_sub_2tc.tdf               ; yes             ; Auto-Generated Megafunction        ; C:/Users/aluno/Desktop/LCL-C1-2024.2-main/LCL-C1-2024.2-main/projeto_final_C1/PF/db/add_sub_2tc.tdf         ;         ;
; db/lpm_divide_vcm.tdf            ; yes             ; Auto-Generated Megafunction        ; C:/Users/aluno/Desktop/LCL-C1-2024.2-main/LCL-C1-2024.2-main/projeto_final_C1/PF/db/lpm_divide_vcm.tdf      ;         ;
+----------------------------------+-----------------+------------------------------------+-------------------------------------------------------------------------------------------------------------+---------+


+---------------------------------------------------------------------+
; Analysis & Synthesis Resource Usage Summary                         ;
+---------------------------------------------+-----------------------+
; Resource                                    ; Usage                 ;
+---------------------------------------------+-----------------------+
; Estimated Total logic elements              ; 240                   ;
;                                             ;                       ;
; Total combinational functions               ; 225                   ;
; Logic element usage by number of LUT inputs ;                       ;
;     -- 4 input functions                    ; 68                    ;
;     -- 3 input functions                    ; 58                    ;
;     -- <=2 input functions                  ; 99                    ;
;                                             ;                       ;
; Logic elements by mode                      ;                       ;
;     -- normal mode                          ; 167                   ;
;     -- arithmetic mode                      ; 58                    ;
;                                             ;                       ;
; Total registers                             ; 76                    ;
;     -- Dedicated logic registers            ; 76                    ;
;     -- I/O registers                        ; 0                     ;
;                                             ;                       ;
; I/O pins                                    ; 93                    ;
; Embedded Multiplier 9-bit elements          ; 0                     ;
; Maximum fan-out node                        ; clocker:inst19|enable ;
; Maximum fan-out                             ; 36                    ;
; Total fan-out                               ; 865                   ;
; Average fan-out                             ; 2.20                  ;
+---------------------------------------------+-----------------------+


+--------------------------------------------------------------------------------------------------------------------------------------------------------------------------------------------------------------------------------------------------------------------------------------------+
; Analysis & Synthesis Resource Utilization by Entity                                                                                                                                                                                                                                        ;
+-------------------------------------------+-------------------+--------------+-------------+--------------+---------+-----------+------+--------------+---------------------------------------------------------------------------------------------------------------------+--------------+
; Compilation Hierarchy Node                ; LC Combinationals ; LC Registers ; Memory Bits ; DSP Elements ; DSP 9x9 ; DSP 18x18 ; Pins ; Virtual Pins ; Full Hierarchy Name                                                                                                 ; Library Name ;
+-------------------------------------------+-------------------+--------------+-------------+--------------+---------+-----------+------+--------------+---------------------------------------------------------------------------------------------------------------------+--------------+
; |timer                                    ; 225 (1)           ; 76 (0)       ; 0           ; 0            ; 0       ; 0         ; 93   ; 0            ; |timer                                                                                                              ; work         ;
;    |LFSRop:inst17|                        ; 1 (1)             ; 3 (3)        ; 0           ; 0            ; 0       ; 0         ; 0    ; 0            ; |timer|LFSRop:inst17                                                                                                ; work         ;
;    |LFSRpass:inst10|                      ; 1 (1)             ; 7 (7)        ; 0           ; 0            ; 0       ; 0         ; 0    ; 0            ; |timer|LFSRpass:inst10                                                                                              ; work         ;
;    |blow:inst24|                          ; 1 (1)             ; 0 (0)        ; 0           ; 0            ; 0       ; 0         ; 0    ; 0            ; |timer|blow:inst24                                                                                                  ; work         ;
;    |calculator:inst15|                    ; 23 (23)           ; 0 (0)        ; 0           ; 0            ; 0       ; 0         ; 0    ; 0            ; |timer|calculator:inst15                                                                                            ; work         ;
;    |clocker:inst19|                       ; 1 (1)             ; 0 (0)        ; 0           ; 0            ; 0       ; 0         ; 0    ; 0            ; |timer|clocker:inst19                                                                                               ; work         ;
;    |deccounter:inst|                      ; 5 (5)             ; 5 (5)        ; 0           ; 0            ; 0       ; 0         ; 0    ; 0            ; |timer|deccounter:inst                                                                                              ; work         ;
;    |decoder7:inst1|                       ; 7 (7)             ; 0 (0)        ; 0           ; 0            ; 0       ; 0         ; 0    ; 0            ; |timer|decoder7:inst1                                                                                               ; work         ;
;    |decoder7:inst2|                       ; 7 (7)             ; 0 (0)        ; 0           ; 0            ; 0       ; 0         ; 0    ; 0            ; |timer|decoder7:inst2                                                                                               ; work         ;
;    |decoder7:inst3|                       ; 7 (7)             ; 0 (0)        ; 0           ; 0            ; 0       ; 0         ; 0    ; 0            ; |timer|decoder7:inst3                                                                                               ; work         ;
;    |decoder7:inst4|                       ; 7 (7)             ; 0 (0)        ; 0           ; 0            ; 0       ; 0         ; 0    ; 0            ; |timer|decoder7:inst4                                                                                               ; work         ;
;    |fdiv:inst9|                           ; 52 (52)           ; 33 (33)      ; 0           ; 0            ; 0       ; 0         ; 0    ; 0            ; |timer|fdiv:inst9                                                                                                   ; work         ;
;    |funfador:inst21|                      ; 9 (9)             ; 0 (0)        ; 0           ; 0            ; 0       ; 0         ; 0    ; 0            ; |timer|funfador:inst21                                                                                              ; work         ;
;    |latchSR:inst14|                       ; 1 (1)             ; 0 (0)        ; 0           ; 0            ; 0       ; 0         ; 0    ; 0            ; |timer|latchSR:inst14                                                                                               ; work         ;
;    |lighter:inst23|                       ; 16 (16)           ; 0 (0)        ; 0           ; 0            ; 0       ; 0         ; 0    ; 0            ; |timer|lighter:inst23                                                                                               ; work         ;
;    |mincounter:inst6|                     ; 4 (4)             ; 4 (4)        ; 0           ; 0            ; 0       ; 0         ; 0    ; 0            ; |timer|mincounter:inst6                                                                                             ; work         ;
;    |opcreator:inst18|                     ; 3 (3)             ; 3 (3)        ; 0           ; 0            ; 0       ; 0         ; 0    ; 0            ; |timer|opcreator:inst18                                                                                             ; work         ;
;    |passcreator:inst11|                   ; 7 (7)             ; 7 (7)        ; 0           ; 0            ; 0       ; 0         ; 0    ; 0            ; |timer|passcreator:inst11                                                                                           ; work         ;
;    |passcreator:inst13|                   ; 0 (0)             ; 7 (7)        ; 0           ; 0            ; 0       ; 0         ; 0    ; 0            ; |timer|passcreator:inst13                                                                                           ; work         ;
;    |seccounter:inst5|                     ; 9 (9)             ; 7 (7)        ; 0           ; 0            ; 0       ; 0         ; 0    ; 0            ; |timer|seccounter:inst5                                                                                             ; work         ;
;    |secdiv:inst7|                         ; 63 (0)            ; 0 (0)        ; 0           ; 0            ; 0       ; 0         ; 0    ; 0            ; |timer|secdiv:inst7                                                                                                 ; work         ;
;       |lpm_divide:Div0|                   ; 30 (0)            ; 0 (0)        ; 0           ; 0            ; 0       ; 0         ; 0    ; 0            ; |timer|secdiv:inst7|lpm_divide:Div0                                                                                 ; work         ;
;          |lpm_divide_vcm:auto_generated|  ; 30 (0)            ; 0 (0)        ; 0           ; 0            ; 0       ; 0         ; 0    ; 0            ; |timer|secdiv:inst7|lpm_divide:Div0|lpm_divide_vcm:auto_generated                                                   ; work         ;
;             |sign_div_unsign_9kh:divider| ; 30 (0)            ; 0 (0)        ; 0           ; 0            ; 0       ; 0         ; 0    ; 0            ; |timer|secdiv:inst7|lpm_divide:Div0|lpm_divide_vcm:auto_generated|sign_div_unsign_9kh:divider                       ; work         ;
;                |alt_u_div_08f:divider|    ; 30 (30)           ; 0 (0)        ; 0           ; 0            ; 0       ; 0         ; 0    ; 0            ; |timer|secdiv:inst7|lpm_divide:Div0|lpm_divide_vcm:auto_generated|sign_div_unsign_9kh:divider|alt_u_div_08f:divider ; work         ;
;       |lpm_divide:Mod0|                   ; 33 (0)            ; 0 (0)        ; 0           ; 0            ; 0       ; 0         ; 0    ; 0            ; |timer|secdiv:inst7|lpm_divide:Mod0                                                                                 ; work         ;
;          |lpm_divide_25m:auto_generated|  ; 33 (0)            ; 0 (0)        ; 0           ; 0            ; 0       ; 0         ; 0    ; 0            ; |timer|secdiv:inst7|lpm_divide:Mod0|lpm_divide_25m:auto_generated                                                   ; work         ;
;             |sign_div_unsign_9kh:divider| ; 33 (0)            ; 0 (0)        ; 0           ; 0            ; 0       ; 0         ; 0    ; 0            ; |timer|secdiv:inst7|lpm_divide:Mod0|lpm_divide_25m:auto_generated|sign_div_unsign_9kh:divider                       ; work         ;
;                |alt_u_div_08f:divider|    ; 33 (33)           ; 0 (0)        ; 0           ; 0            ; 0       ; 0         ; 0    ; 0            ; |timer|secdiv:inst7|lpm_divide:Mod0|lpm_divide_25m:auto_generated|sign_div_unsign_9kh:divider|alt_u_div_08f:divider ; work         ;
+-------------------------------------------+-------------------+--------------+-------------+--------------+---------+-----------+------+--------------+---------------------------------------------------------------------------------------------------------------------+--------------+
Note: For table entries with two numbers listed, the numbers in parentheses indicate the number of resources of the given type used by the specific entity alone. The numbers listed outside of parentheses indicate the total resources of the given type used by the specific entity and all of its sub-entities in the hierarchy.


+---------------------------------------------------------------------------------------------------+
; User-Specified and Inferred Latches                                                               ;
+----------------------------------------------------+---------------------+------------------------+
; Latch Name                                         ; Latch Enable Signal ; Free of Timing Hazards ;
+----------------------------------------------------+---------------------+------------------------+
; latchSR:inst14|q                                   ; GND                 ; yes                    ;
; Number of user-specified and inferred latches = 1  ;                     ;                        ;
+----------------------------------------------------+---------------------+------------------------+
Note: All latches listed above may not be present at the end of synthesis due to various synthesis optimizations.


+--------------------------------------------------------------------------------+
; Registers Removed During Synthesis                                             ;
+---------------------------------------+----------------------------------------+
; Register name                         ; Reason for Removal                     ;
+---------------------------------------+----------------------------------------+
; mincounter:inst6|q[3]                 ; Stuck at GND due to stuck port data_in ;
; Total Number of Removed Registers = 1 ;                                        ;
+---------------------------------------+----------------------------------------+


+------------------------------------------------------+
; General Register Statistics                          ;
+----------------------------------------------+-------+
; Statistic                                    ; Value ;
+----------------------------------------------+-------+
; Total registers                              ; 76    ;
; Number of registers using Synchronous Clear  ; 0     ;
; Number of registers using Synchronous Load   ; 0     ;
; Number of registers using Asynchronous Clear ; 24    ;
; Number of registers using Asynchronous Load  ; 0     ;
; Number of registers using Clock Enable       ; 2     ;
; Number of registers using Preset             ; 0     ;
+----------------------------------------------+-------+


+---------------------------------------------------+
; Inverted Register Statistics                      ;
+-----------------------------------------+---------+
; Inverted Register                       ; Fan out ;
+-----------------------------------------+---------+
; mincounter:inst6|q[0]                   ; 11      ;
; mincounter:inst6|q[2]                   ; 11      ;
; LFSRop:inst17|op[0]                     ; 2       ;
; LFSRop:inst17|op[2]                     ; 2       ;
; LFSRpass:inst10|senha[6]                ; 2       ;
; LFSRop:inst17|op[1]                     ; 3       ;
; LFSRpass:inst10|senha[5]                ; 3       ;
; LFSRpass:inst10|senha[4]                ; 2       ;
; LFSRpass:inst10|senha[3]                ; 2       ;
; LFSRpass:inst10|senha[2]                ; 2       ;
; LFSRpass:inst10|senha[1]                ; 2       ;
; LFSRpass:inst10|senha[0]                ; 2       ;
; Total number of inverted registers = 12 ;         ;
+-----------------------------------------+---------+


+---------------------------------------------------------------------------------------------------------------------------------------------+
; Multiplexer Restructuring Statistics (Restructuring Performed)                                                                              ;
+--------------------+-----------+---------------+----------------------+------------------------+------------+-------------------------------+
; Multiplexer Inputs ; Bus Width ; Baseline Area ; Area if Restructured ; Saving if Restructured ; Registered ; Example Multiplexer Output    ;
+--------------------+-----------+---------------+----------------------+------------------------+------------+-------------------------------+
; 8:1                ; 7 bits    ; 35 LEs        ; 28 LEs               ; 7 LEs                  ; No         ; |timer|calculator:inst15|Mux1 ;
+--------------------+-----------+---------------+----------------------+------------------------+------------+-------------------------------+


+-------------------------------------------------------------------------------+
; Parameter Settings for Inferred Entity Instance: secdiv:inst7|lpm_divide:Mod0 ;
+------------------------+----------------+-------------------------------------+
; Parameter Name         ; Value          ; Type                                ;
+------------------------+----------------+-------------------------------------+
; LPM_WIDTHN             ; 6              ; Untyped                             ;
; LPM_WIDTHD             ; 4              ; Untyped                             ;
; LPM_NREPRESENTATION    ; UNSIGNED       ; Untyped                             ;
; LPM_DREPRESENTATION    ; UNSIGNED       ; Untyped                             ;
; LPM_PIPELINE           ; 0              ; Untyped                             ;
; LPM_REMAINDERPOSITIVE  ; TRUE           ; Untyped                             ;
; MAXIMIZE_SPEED         ; 5              ; Untyped                             ;
; CBXI_PARAMETER         ; lpm_divide_25m ; Untyped                             ;
; CARRY_CHAIN            ; MANUAL         ; Untyped                             ;
; OPTIMIZE_FOR_SPEED     ; 5              ; Untyped                             ;
; AUTO_CARRY_CHAINS      ; ON             ; AUTO_CARRY                          ;
; IGNORE_CARRY_BUFFERS   ; OFF            ; IGNORE_CARRY                        ;
; AUTO_CASCADE_CHAINS    ; ON             ; AUTO_CASCADE                        ;
; IGNORE_CASCADE_BUFFERS ; OFF            ; IGNORE_CASCADE                      ;
+------------------------+----------------+-------------------------------------+
Note: In order to hide this table in the UI and the text report file, please set the "Show Parameter Settings in Synthesis Report" option in "Analysis and Synthesis Settings -> More Settings" to "Off".


+-------------------------------------------------------------------------------+
; Parameter Settings for Inferred Entity Instance: secdiv:inst7|lpm_divide:Div0 ;
+------------------------+----------------+-------------------------------------+
; Parameter Name         ; Value          ; Type                                ;
+------------------------+----------------+-------------------------------------+
; LPM_WIDTHN             ; 6              ; Untyped                             ;
; LPM_WIDTHD             ; 4              ; Untyped                             ;
; LPM_NREPRESENTATION    ; UNSIGNED       ; Untyped                             ;
; LPM_DREPRESENTATION    ; UNSIGNED       ; Untyped                             ;
; LPM_PIPELINE           ; 0              ; Untyped                             ;
; LPM_REMAINDERPOSITIVE  ; TRUE           ; Untyped                             ;
; MAXIMIZE_SPEED         ; 5              ; Untyped                             ;
; CBXI_PARAMETER         ; lpm_divide_vcm ; Untyped                             ;
; CARRY_CHAIN            ; MANUAL         ; Untyped                             ;
; OPTIMIZE_FOR_SPEED     ; 5              ; Untyped                             ;
; AUTO_CARRY_CHAINS      ; ON             ; AUTO_CARRY                          ;
; IGNORE_CARRY_BUFFERS   ; OFF            ; IGNORE_CARRY                        ;
; AUTO_CASCADE_CHAINS    ; ON             ; AUTO_CASCADE                        ;
; IGNORE_CASCADE_BUFFERS ; OFF            ; IGNORE_CASCADE                      ;
+------------------------+----------------+-------------------------------------+
Note: In order to hide this table in the UI and the text report file, please set the "Show Parameter Settings in Synthesis Report" option in "Analysis and Synthesis Settings -> More Settings" to "Off".


+-------------------------------+
; Elapsed Time Per Partition    ;
+----------------+--------------+
; Partition Name ; Elapsed Time ;
+----------------+--------------+
; Top            ; 00:00:01     ;
+----------------+--------------+


+-------------------------------+
; Analysis & Synthesis Messages ;
+-------------------------------+
Info: *******************************************************************
Info: Running Quartus II 64-Bit Analysis & Synthesis
    Info: Version 13.0.1 Build 232 06/12/2013 Service Pack 1 SJ Web Edition
    Info: Processing started: Tue Feb 11 09:15:29 2025
Info: Command: quartus_map --read_settings_files=on --write_settings_files=off timer -c timer
Warning (20028): Parallel compilation is not licensed and has been disabled
Info (12021): Found 1 design units, including 1 entities, in source file deccounter.sv
    Info (12023): Found entity 1: deccounter
Info (12021): Found 1 design units, including 1 entities, in source file timer.bdf
    Info (12023): Found entity 1: timer
Info (12021): Found 1 design units, including 1 entities, in source file seccounter.sv
    Info (12023): Found entity 1: seccounter
Info (12021): Found 1 design units, including 1 entities, in source file secdiv.sv
    Info (12023): Found entity 1: secdiv
Info (12021): Found 1 design units, including 1 entities, in source file mincounter.sv
    Info (12023): Found entity 1: mincounter
Info (12021): Found 1 design units, including 1 entities, in source file decoder.sv
    Info (12023): Found entity 1: decoder7
Info (12021): Found 1 design units, including 1 entities, in source file fdiv.sv
    Info (12023): Found entity 1: fdiv
Info (12021): Found 1 design units, including 1 entities, in source file clocker.sv
    Info (12023): Found entity 1: clocker
Info (12021): Found 1 design units, including 1 entities, in source file lfsrop.sv
    Info (12023): Found entity 1: LFSRop
Info (12021): Found 1 design units, including 1 entities, in source file calculator.sv
    Info (12023): Found entity 1: calculator
Info (12021): Found 1 design units, including 1 entities, in source file lfsrpass.sv
    Info (12023): Found entity 1: LFSRpass
Info (12021): Found 1 design units, including 1 entities, in source file passcreator.sv
    Info (12023): Found entity 1: passcreator
Info (12021): Found 1 design units, including 1 entities, in source file assembler.sv
    Info (12023): Found entity 1: assembler
Info (12021): Found 1 design units, including 1 entities, in source file lighter.sv
    Info (12023): Found entity 1: lighter
Info (12021): Found 1 design units, including 1 entities, in source file opcreator.sv
    Info (12023): Found entity 1: opcreator
Info (12021): Found 1 design units, including 1 entities, in source file check.sv
    Info (12023): Found entity 1: check
Info (12021): Found 1 design units, including 1 entities, in source file output_files/starter.sv
    Info (12023): Found entity 1: starter
Info (12021): Found 1 design units, including 1 entities, in source file output_files/seed.sv
    Info (12023): Found entity 1: senha
Info (12021): Found 1 design units, including 1 entities, in source file latchsr.sv
    Info (12023): Found entity 1: latchSR
Info (12021): Found 1 design units, including 1 entities, in source file zeroer.sv
    Info (12023): Found entity 1: zeroer
Info (12021): Found 1 design units, including 1 entities, in source file output_files/negator.sv
    Info (12023): Found entity 1: negator
Info (12021): Found 1 design units, including 1 entities, in source file funfador.sv
    Info (12023): Found entity 1: funfador
Info (12021): Found 1 design units, including 1 entities, in source file blow.sv
    Info (12023): Found entity 1: blow
Info (12127): Elaborating entity "timer" for the top level hierarchy
Info (12128): Elaborating entity "decoder7" for hierarchy "decoder7:inst1"
Info (12128): Elaborating entity "deccounter" for hierarchy "deccounter:inst"
Warning (10230): Verilog HDL assignment warning at deccounter.sv(21): truncated value with size 32 to match size of target (4)
Info (12128): Elaborating entity "fdiv" for hierarchy "fdiv:inst9"
Info (12128): Elaborating entity "clocker" for hierarchy "clocker:inst19"
Info (12128): Elaborating entity "lighter" for hierarchy "lighter:inst23"
Warning (10762): Verilog HDL Case Statement warning at lighter.sv(19): can't check case statement for completeness because the case expression has too many possible states
Info (12128): Elaborating entity "check" for hierarchy "check:inst12"
Info (12128): Elaborating entity "passcreator" for hierarchy "passcreator:inst13"
Info (12128): Elaborating entity "LFSRpass" for hierarchy "LFSRpass:inst10"
Info (12128): Elaborating entity "latchSR" for hierarchy "latchSR:inst14"
Info (10041): Inferred latch for "q" at latchsr.sv(10)
Info (12128): Elaborating entity "mincounter" for hierarchy "mincounter:inst6"
Warning (10230): Verilog HDL assignment warning at mincounter.sv(21): truncated value with size 32 to match size of target (4)
Info (12128): Elaborating entity "seccounter" for hierarchy "seccounter:inst5"
Warning (10230): Verilog HDL assignment warning at seccounter.sv(21): truncated value with size 32 to match size of target (6)
Info (12128): Elaborating entity "secdiv" for hierarchy "secdiv:inst7"
Warning (10230): Verilog HDL assignment warning at secdiv.sv(7): truncated value with size 32 to match size of target (4)
Warning (10230): Verilog HDL assignment warning at secdiv.sv(8): truncated value with size 32 to match size of target (4)
Info (12128): Elaborating entity "negator" for hierarchy "negator:inst81"
Info (12128): Elaborating entity "zeroer" for hierarchy "zeroer:inst20"
Info (12128): Elaborating entity "calculator" for hierarchy "calculator:inst15"
Info (12128): Elaborating entity "opcreator" for hierarchy "opcreator:inst18"
Info (12128): Elaborating entity "LFSRop" for hierarchy "LFSRop:inst17"
Info (12128): Elaborating entity "blow" for hierarchy "blow:inst24"
Info (12128): Elaborating entity "funfador" for hierarchy "funfador:inst21"
Info (278001): Inferred 2 megafunctions from design logic
    Info (278004): Inferred divider/modulo megafunction ("lpm_divide") from the following logic: "secdiv:inst7|Mod0"
    Info (278004): Inferred divider/modulo megafunction ("lpm_divide") from the following logic: "secdiv:inst7|Div0"
Info (12130): Elaborated megafunction instantiation "secdiv:inst7|lpm_divide:Mod0"
Info (12133): Instantiated megafunction "secdiv:inst7|lpm_divide:Mod0" with the following parameter:
    Info (12134): Parameter "LPM_WIDTHN" = "6"
    Info (12134): Parameter "LPM_WIDTHD" = "4"
    Info (12134): Parameter "LPM_NREPRESENTATION" = "UNSIGNED"
    Info (12134): Parameter "LPM_DREPRESENTATION" = "UNSIGNED"
Info (12021): Found 1 design units, including 1 entities, in source file db/lpm_divide_25m.tdf
    Info (12023): Found entity 1: lpm_divide_25m
Info (12021): Found 1 design units, including 1 entities, in source file db/sign_div_unsign_9kh.tdf
    Info (12023): Found entity 1: sign_div_unsign_9kh
Info (12021): Found 1 design units, including 1 entities, in source file db/alt_u_div_08f.tdf
    Info (12023): Found entity 1: alt_u_div_08f
Info (12021): Found 1 design units, including 1 entities, in source file db/add_sub_1tc.tdf
    Info (12023): Found entity 1: add_sub_1tc
Info (12021): Found 1 design units, including 1 entities, in source file db/add_sub_2tc.tdf
    Info (12023): Found entity 1: add_sub_2tc
Info (12130): Elaborated megafunction instantiation "secdiv:inst7|lpm_divide:Div0"
Info (12133): Instantiated megafunction "secdiv:inst7|lpm_divide:Div0" with the following parameter:
    Info (12134): Parameter "LPM_WIDTHN" = "6"
    Info (12134): Parameter "LPM_WIDTHD" = "4"
    Info (12134): Parameter "LPM_NREPRESENTATION" = "UNSIGNED"
    Info (12134): Parameter "LPM_DREPRESENTATION" = "UNSIGNED"
Info (12021): Found 1 design units, including 1 entities, in source file db/lpm_divide_vcm.tdf
    Info (12023): Found entity 1: lpm_divide_vcm
Info (13000): Registers with preset signals will power-up high
Info (13003): DEV_CLRn pin will set, and not reset, register with preset signal due to NOT Gate Push-Back
Warning (13024): Output pins are stuck at VCC or GND
    Warning (13410): Pin "HEX5[6]" is stuck at VCC
    Warning (13410): Pin "HEX5[5]" is stuck at VCC
    Warning (13410): Pin "HEX5[4]" is stuck at VCC
    Warning (13410): Pin "HEX5[3]" is stuck at VCC
    Warning (13410): Pin "HEX5[2]" is stuck at VCC
    Warning (13410): Pin "HEX5[1]" is stuck at VCC
    Warning (13410): Pin "HEX5[0]" is stuck at VCC
    Warning (13410): Pin "HEX8[6]" is stuck at VCC
    Warning (13410): Pin "HEX8[5]" is stuck at VCC
    Warning (13410): Pin "HEX8[4]" is stuck at VCC
    Warning (13410): Pin "HEX8[3]" is stuck at VCC
    Warning (13410): Pin "HEX8[2]" is stuck at VCC
    Warning (13410): Pin "HEX8[1]" is stuck at VCC
    Warning (13410): Pin "HEX8[0]" is stuck at VCC
Info (144001): Generated suppressed messages file C:/Users/aluno/Desktop/LCL-C1-2024.2-main/LCL-C1-2024.2-main/projeto_final_C1/PF/output_files/timer.map.smsg
Info (16010): Generating hard_block partition "hard_block:auto_generated_inst"
    Info (16011): Adding 0 node(s), including 0 DDIO, 0 PLL, 0 transceiver and 0 LCELL
Info (21057): Implemented 333 device resources after synthesis - the final resource count might be different
    Info (21058): Implemented 11 input pins
    Info (21059): Implemented 82 output pins
    Info (21061): Implemented 240 logic cells
Info: Quartus II 64-Bit Analysis & Synthesis was successful. 0 errors, 22 warnings
    Info: Peak virtual memory: 4600 megabytes
    Info: Processing ended: Tue Feb 11 09:15:33 2025
    Info: Elapsed time: 00:00:04
    Info: Total CPU time (on all processors): 00:00:02


+------------------------------------------+
; Analysis & Synthesis Suppressed Messages ;
+------------------------------------------+
The suppressed messages can be found in C:/Users/aluno/Desktop/LCL-C1-2024.2-main/LCL-C1-2024.2-main/projeto_final_C1/PF/output_files/timer.map.smsg.


