Analysis & Synthesis report for timer
Mon Jan 27 18:16:37 2025
Quartus II 64-Bit Version 13.1.0 Build 162 10/23/2013 SJ Web Edition


---------------------
; Table of Contents ;
---------------------
  1. Legal Notice
  2. Analysis & Synthesis Summary
  3. Analysis & Synthesis Settings
  4. Parallel Compilation
  5. Analysis & Synthesis Source Files Read
  6. Analysis & Synthesis Resource Usage Summary
  7. Analysis & Synthesis Resource Utilization by Entity
  8. General Register Statistics
  9. Parameter Settings for Inferred Entity Instance: secdiv:inst7|lpm_divide:Mod0
 10. Parameter Settings for Inferred Entity Instance: secdiv:inst7|lpm_divide:Div0
 11. Elapsed Time Per Partition
 12. Analysis & Synthesis Messages



----------------
; Legal Notice ;
----------------
Copyright (C) 1991-2013 Altera Corporation
Your use of Altera Corporation's design tools, logic functions 
and other software and tools, and its AMPP partner logic 
functions, and any output files from any of the foregoing 
(including device programming or simulation files), and any 
associated documentation or information are expressly subject 
to the terms and conditions of the Altera Program License 
Subscription Agreement, Altera MegaCore Function License 
Agreement, or other applicable license agreement, including, 
without limitation, that your use is for the sole purpose of 
programming logic devices manufactured by Altera and sold by 
Altera or its authorized distributors.  Please refer to the 
applicable agreement for further details.



+---------------------------------------------------------------------------------+
; Analysis & Synthesis Summary                                                    ;
+------------------------------------+--------------------------------------------+
; Analysis & Synthesis Status        ; Successful - Mon Jan 27 18:16:37 2025      ;
; Quartus II 64-Bit Version          ; 13.1.0 Build 162 10/23/2013 SJ Web Edition ;
; Revision Name                      ; timer                                      ;
; Top-level Entity Name              ; timer                                      ;
; Family                             ; Cyclone IV GX                              ;
; Total logic elements               ; 114                                        ;
;     Total combinational functions  ; 114                                        ;
;     Dedicated logic registers      ; 17                                         ;
; Total registers                    ; 17                                         ;
; Total pins                         ; 35                                         ;
; Total virtual pins                 ; 0                                          ;
; Total memory bits                  ; 0                                          ;
; Embedded Multiplier 9-bit elements ; 0                                          ;
; Total GXB Receiver Channel PCS     ; 0                                          ;
; Total GXB Receiver Channel PMA     ; 0                                          ;
; Total GXB Transmitter Channel PCS  ; 0                                          ;
; Total GXB Transmitter Channel PMA  ; 0                                          ;
; Total PLLs                         ; 0                                          ;
+------------------------------------+--------------------------------------------+


+----------------------------------------------------------------------------------------------------------------------+
; Analysis & Synthesis Settings                                                                                        ;
+----------------------------------------------------------------------------+--------------------+--------------------+
; Option                                                                     ; Setting            ; Default Value      ;
+----------------------------------------------------------------------------+--------------------+--------------------+
; Top-level entity name                                                      ; timer              ; timer              ;
; Family name                                                                ; Cyclone IV GX      ; Cyclone IV GX      ;
; Use smart compilation                                                      ; Off                ; Off                ;
; Enable parallel Assembler and TimeQuest Timing Analyzer during compilation ; On                 ; On                 ;
; Enable compact report table                                                ; Off                ; Off                ;
; Restructure Multiplexers                                                   ; Auto               ; Auto               ;
; Create Debugging Nodes for IP Cores                                        ; Off                ; Off                ;
; Preserve fewer node names                                                  ; On                 ; On                 ;
; Disable OpenCore Plus hardware evaluation                                  ; Off                ; Off                ;
; Verilog Version                                                            ; Verilog_2001       ; Verilog_2001       ;
; VHDL Version                                                               ; VHDL_1993          ; VHDL_1993          ;
; State Machine Processing                                                   ; Auto               ; Auto               ;
; Safe State Machine                                                         ; Off                ; Off                ;
; Extract Verilog State Machines                                             ; On                 ; On                 ;
; Extract VHDL State Machines                                                ; On                 ; On                 ;
; Ignore Verilog initial constructs                                          ; Off                ; Off                ;
; Iteration limit for constant Verilog loops                                 ; 5000               ; 5000               ;
; Iteration limit for non-constant Verilog loops                             ; 250                ; 250                ;
; Add Pass-Through Logic to Inferred RAMs                                    ; On                 ; On                 ;
; Infer RAMs from Raw Logic                                                  ; On                 ; On                 ;
; Parallel Synthesis                                                         ; On                 ; On                 ;
; DSP Block Balancing                                                        ; Auto               ; Auto               ;
; NOT Gate Push-Back                                                         ; On                 ; On                 ;
; Power-Up Don't Care                                                        ; On                 ; On                 ;
; Remove Redundant Logic Cells                                               ; Off                ; Off                ;
; Remove Duplicate Registers                                                 ; On                 ; On                 ;
; Ignore CARRY Buffers                                                       ; Off                ; Off                ;
; Ignore CASCADE Buffers                                                     ; Off                ; Off                ;
; Ignore GLOBAL Buffers                                                      ; Off                ; Off                ;
; Ignore ROW GLOBAL Buffers                                                  ; Off                ; Off                ;
; Ignore LCELL Buffers                                                       ; Off                ; Off                ;
; Ignore SOFT Buffers                                                        ; On                 ; On                 ;
; Limit AHDL Integers to 32 Bits                                             ; Off                ; Off                ;
; Optimization Technique                                                     ; Balanced           ; Balanced           ;
; Carry Chain Length                                                         ; 70                 ; 70                 ;
; Auto Carry Chains                                                          ; On                 ; On                 ;
; Auto Open-Drain Pins                                                       ; On                 ; On                 ;
; Perform WYSIWYG Primitive Resynthesis                                      ; Off                ; Off                ;
; Auto ROM Replacement                                                       ; On                 ; On                 ;
; Auto RAM Replacement                                                       ; On                 ; On                 ;
; Auto DSP Block Replacement                                                 ; On                 ; On                 ;
; Auto Shift Register Replacement                                            ; Auto               ; Auto               ;
; Allow Shift Register Merging across Hierarchies                            ; Auto               ; Auto               ;
; Auto Clock Enable Replacement                                              ; On                 ; On                 ;
; Strict RAM Replacement                                                     ; Off                ; Off                ;
; Allow Synchronous Control Signals                                          ; On                 ; On                 ;
; Force Use of Synchronous Clear Signals                                     ; Off                ; Off                ;
; Auto RAM Block Balancing                                                   ; On                 ; On                 ;
; Auto RAM to Logic Cell Conversion                                          ; Off                ; Off                ;
; Auto Resource Sharing                                                      ; Off                ; Off                ;
; Allow Any RAM Size For Recognition                                         ; Off                ; Off                ;
; Allow Any ROM Size For Recognition                                         ; Off                ; Off                ;
; Allow Any Shift Register Size For Recognition                              ; Off                ; Off                ;
; Use LogicLock Constraints during Resource Balancing                        ; On                 ; On                 ;
; Ignore translate_off and synthesis_off directives                          ; Off                ; Off                ;
; Timing-Driven Synthesis                                                    ; On                 ; On                 ;
; Report Parameter Settings                                                  ; On                 ; On                 ;
; Report Source Assignments                                                  ; On                 ; On                 ;
; Report Connectivity Checks                                                 ; On                 ; On                 ;
; Ignore Maximum Fan-Out Assignments                                         ; Off                ; Off                ;
; Synchronization Register Chain Length                                      ; 2                  ; 2                  ;
; PowerPlay Power Optimization                                               ; Normal compilation ; Normal compilation ;
; HDL message level                                                          ; Level2             ; Level2             ;
; Suppress Register Optimization Related Messages                            ; Off                ; Off                ;
; Number of Removed Registers Reported in Synthesis Report                   ; 5000               ; 5000               ;
; Number of Swept Nodes Reported in Synthesis Report                         ; 5000               ; 5000               ;
; Number of Inverted Registers Reported in Synthesis Report                  ; 100                ; 100                ;
; Clock MUX Protection                                                       ; On                 ; On                 ;
; Auto Gated Clock Conversion                                                ; Off                ; Off                ;
; Block Design Naming                                                        ; Auto               ; Auto               ;
; SDC constraint protection                                                  ; Off                ; Off                ;
; Synthesis Effort                                                           ; Auto               ; Auto               ;
; Shift Register Replacement - Allow Asynchronous Clear Signal               ; On                 ; On                 ;
; Pre-Mapping Resynthesis Optimization                                       ; Off                ; Off                ;
; Analysis & Synthesis Message Level                                         ; Medium             ; Medium             ;
; Disable Register Merging Across Hierarchies                                ; Auto               ; Auto               ;
; Resource Aware Inference For Block RAM                                     ; On                 ; On                 ;
; Synthesis Seed                                                             ; 1                  ; 1                  ;
+----------------------------------------------------------------------------+--------------------+--------------------+


Parallel compilation was disabled, but you have multiple processors available. Enable parallel compilation to reduce compilation time.
+-------------------------------------+
; Parallel Compilation                ;
+----------------------------+--------+
; Processors                 ; Number ;
+----------------------------+--------+
; Number detected on machine ; 12     ;
; Maximum allowed            ; 1      ;
+----------------------------+--------+


+------------------------------------------------------------------------------------------------------------------------------------------------------------------------------------+
; Analysis & Synthesis Source Files Read                                                                                                                                             ;
+----------------------------------+-----------------+------------------------------------+--------------------------------------------------------------------------------+---------+
; File Name with User-Entered Path ; Used in Netlist ; File Type                          ; File Name with Absolute Path                                                   ; Library ;
+----------------------------------+-----------------+------------------------------------+--------------------------------------------------------------------------------+---------+
; deccounter.sv                    ; yes             ; User SystemVerilog HDL File        ; D:/Downloads/contador-20250127T205012Z-001/contador/deccounter.sv              ;         ;
; timer.bdf                        ; yes             ; User Block Diagram/Schematic File  ; D:/Downloads/contador-20250127T205012Z-001/contador/timer.bdf                  ;         ;
; seccounter.sv                    ; yes             ; User SystemVerilog HDL File        ; D:/Downloads/contador-20250127T205012Z-001/contador/seccounter.sv              ;         ;
; secdiv.sv                        ; yes             ; User SystemVerilog HDL File        ; D:/Downloads/contador-20250127T205012Z-001/contador/secdiv.sv                  ;         ;
; mincounter.sv                    ; yes             ; User SystemVerilog HDL File        ; D:/Downloads/contador-20250127T205012Z-001/contador/mincounter.sv              ;         ;
; decoder.sv                       ; yes             ; User SystemVerilog HDL File        ; D:/Downloads/contador-20250127T205012Z-001/contador/decoder.sv                 ;         ;
; selector.sv                      ; yes             ; User SystemVerilog HDL File        ; D:/Downloads/contador-20250127T205012Z-001/contador/selector.sv                ;         ;
; lpm_divide.tdf                   ; yes             ; Megafunction                       ; d:/apps/quartus/quartus/libraries/megafunctions/lpm_divide.tdf                 ;         ;
; abs_divider.inc                  ; yes             ; Megafunction                       ; d:/apps/quartus/quartus/libraries/megafunctions/abs_divider.inc                ;         ;
; sign_div_unsign.inc              ; yes             ; Megafunction                       ; d:/apps/quartus/quartus/libraries/megafunctions/sign_div_unsign.inc            ;         ;
; aglobal131.inc                   ; yes             ; Megafunction                       ; d:/apps/quartus/quartus/libraries/megafunctions/aglobal131.inc                 ;         ;
; db/lpm_divide_edm.tdf            ; yes             ; Auto-Generated Megafunction        ; D:/Downloads/contador-20250127T205012Z-001/contador/db/lpm_divide_edm.tdf      ;         ;
; db/sign_div_unsign_9kh.tdf       ; yes             ; Auto-Generated Megafunction        ; D:/Downloads/contador-20250127T205012Z-001/contador/db/sign_div_unsign_9kh.tdf ;         ;
; db/alt_u_div_08f.tdf             ; yes             ; Auto-Generated Megafunction        ; D:/Downloads/contador-20250127T205012Z-001/contador/db/alt_u_div_08f.tdf       ;         ;
; db/add_sub_1tc.tdf               ; yes             ; Auto-Generated Megafunction        ; D:/Downloads/contador-20250127T205012Z-001/contador/db/add_sub_1tc.tdf         ;         ;
; db/add_sub_2tc.tdf               ; yes             ; Auto-Generated Megafunction        ; D:/Downloads/contador-20250127T205012Z-001/contador/db/add_sub_2tc.tdf         ;         ;
; db/lpm_divide_blm.tdf            ; yes             ; Auto-Generated Megafunction        ; D:/Downloads/contador-20250127T205012Z-001/contador/db/lpm_divide_blm.tdf      ;         ;
+----------------------------------+-----------------+------------------------------------+--------------------------------------------------------------------------------+---------+


+-------------------------------------------------------------------------------------------------------------------------------------------------------------------+
; Analysis & Synthesis Resource Usage Summary                                                                                                                       ;
+--------------------------+----------------------------------------------------------------------------------------------------------------------------------------+
; Resource                 ; Usage                                                                                                                                  ;
+--------------------------+----------------------------------------------------------------------------------------------------------------------------------------+
; I/O pins                 ; 35                                                                                                                                     ;
; DSP block 9-bit elements ; 0                                                                                                                                      ;
; Maximum fan-out node     ; secdiv:inst7|lpm_divide:Div0|lpm_divide_blm:auto_generated|sign_div_unsign_9kh:divider|alt_u_div_08f:divider|add_sub_3_result_int[4]~6 ;
; Maximum fan-out          ; 17                                                                                                                                     ;
; Total fan-out            ; 436                                                                                                                                    ;
; Average fan-out          ; 2.17                                                                                                                                   ;
+--------------------------+----------------------------------------------------------------------------------------------------------------------------------------+


+--------------------------------------------------------------------------------------------------------------------------------------------------------------------------------------------------------------------------------------------------------------------------------------------------------+
; Analysis & Synthesis Resource Utilization by Entity                                                                                                                                                                                                                                                    ;
+-------------------------------------------+-------------------+--------------+-------------+--------------+---------+-----------+-----------+------+--------------+---------------------------------------------------------------------------------------------------------------------+--------------+
; Compilation Hierarchy Node                ; LC Combinationals ; LC Registers ; Memory Bits ; DSP Elements ; DSP 9x9 ; DSP 18x18 ; DSP 36x36 ; Pins ; Virtual Pins ; Full Hierarchy Name                                                                                                 ; Library Name ;
+-------------------------------------------+-------------------+--------------+-------------+--------------+---------+-----------+-----------+------+--------------+---------------------------------------------------------------------------------------------------------------------+--------------+
; |timer                                    ; 114 (0)           ; 17 (0)       ; 0           ; 0            ; 0       ; 0         ; 0         ; 35   ; 0            ; |timer                                                                                                              ; work         ;
;    |deccounter:inst|                      ; 5 (5)             ; 5 (5)        ; 0           ; 0            ; 0       ; 0         ; 0         ; 0    ; 0            ; |timer|deccounter:inst                                                                                              ; work         ;
;    |decoder7:inst1|                       ; 7 (7)             ; 0 (0)        ; 0           ; 0            ; 0       ; 0         ; 0         ; 0    ; 0            ; |timer|decoder7:inst1                                                                                               ; work         ;
;    |decoder7:inst2|                       ; 7 (7)             ; 0 (0)        ; 0           ; 0            ; 0       ; 0         ; 0         ; 0    ; 0            ; |timer|decoder7:inst2                                                                                               ; work         ;
;    |decoder7:inst3|                       ; 7 (7)             ; 0 (0)        ; 0           ; 0            ; 0       ; 0         ; 0         ; 0    ; 0            ; |timer|decoder7:inst3                                                                                               ; work         ;
;    |decoder7:inst4|                       ; 7 (7)             ; 0 (0)        ; 0           ; 0            ; 0       ; 0         ; 0         ; 0    ; 0            ; |timer|decoder7:inst4                                                                                               ; work         ;
;    |mincounter:inst6|                     ; 5 (5)             ; 5 (5)        ; 0           ; 0            ; 0       ; 0         ; 0         ; 0    ; 0            ; |timer|mincounter:inst6                                                                                             ; work         ;
;    |seccounter:inst5|                     ; 12 (12)           ; 7 (7)        ; 0           ; 0            ; 0       ; 0         ; 0         ; 0    ; 0            ; |timer|seccounter:inst5                                                                                             ; work         ;
;    |secdiv:inst7|                         ; 63 (0)            ; 0 (0)        ; 0           ; 0            ; 0       ; 0         ; 0         ; 0    ; 0            ; |timer|secdiv:inst7                                                                                                 ; work         ;
;       |lpm_divide:Div0|                   ; 30 (0)            ; 0 (0)        ; 0           ; 0            ; 0       ; 0         ; 0         ; 0    ; 0            ; |timer|secdiv:inst7|lpm_divide:Div0                                                                                 ; work         ;
;          |lpm_divide_blm:auto_generated|  ; 30 (0)            ; 0 (0)        ; 0           ; 0            ; 0       ; 0         ; 0         ; 0    ; 0            ; |timer|secdiv:inst7|lpm_divide:Div0|lpm_divide_blm:auto_generated                                                   ; work         ;
;             |sign_div_unsign_9kh:divider| ; 30 (0)            ; 0 (0)        ; 0           ; 0            ; 0       ; 0         ; 0         ; 0    ; 0            ; |timer|secdiv:inst7|lpm_divide:Div0|lpm_divide_blm:auto_generated|sign_div_unsign_9kh:divider                       ; work         ;
;                |alt_u_div_08f:divider|    ; 30 (30)           ; 0 (0)        ; 0           ; 0            ; 0       ; 0         ; 0         ; 0    ; 0            ; |timer|secdiv:inst7|lpm_divide:Div0|lpm_divide_blm:auto_generated|sign_div_unsign_9kh:divider|alt_u_div_08f:divider ; work         ;
;       |lpm_divide:Mod0|                   ; 33 (0)            ; 0 (0)        ; 0           ; 0            ; 0       ; 0         ; 0         ; 0    ; 0            ; |timer|secdiv:inst7|lpm_divide:Mod0                                                                                 ; work         ;
;          |lpm_divide_edm:auto_generated|  ; 33 (0)            ; 0 (0)        ; 0           ; 0            ; 0       ; 0         ; 0         ; 0    ; 0            ; |timer|secdiv:inst7|lpm_divide:Mod0|lpm_divide_edm:auto_generated                                                   ; work         ;
;             |sign_div_unsign_9kh:divider| ; 33 (0)            ; 0 (0)        ; 0           ; 0            ; 0       ; 0         ; 0         ; 0    ; 0            ; |timer|secdiv:inst7|lpm_divide:Mod0|lpm_divide_edm:auto_generated|sign_div_unsign_9kh:divider                       ; work         ;
;                |alt_u_div_08f:divider|    ; 33 (33)           ; 0 (0)        ; 0           ; 0            ; 0       ; 0         ; 0         ; 0    ; 0            ; |timer|secdiv:inst7|lpm_divide:Mod0|lpm_divide_edm:auto_generated|sign_div_unsign_9kh:divider|alt_u_div_08f:divider ; work         ;
;    |selector:inst28|                      ; 1 (1)             ; 0 (0)        ; 0           ; 0            ; 0       ; 0         ; 0         ; 0    ; 0            ; |timer|selector:inst28                                                                                              ; work         ;
+-------------------------------------------+-------------------+--------------+-------------+--------------+---------+-----------+-----------+------+--------------+---------------------------------------------------------------------------------------------------------------------+--------------+
Note: For table entries with two numbers listed, the numbers in parentheses indicate the number of resources of the given type used by the specific entity alone. The numbers listed outside of parentheses indicate the total resources of the given type used by the specific entity and all of its sub-entities in the hierarchy.


+------------------------------------------------------+
; General Register Statistics                          ;
+----------------------------------------------+-------+
; Statistic                                    ; Value ;
+----------------------------------------------+-------+
; Total registers                              ; 17    ;
; Number of registers using Synchronous Clear  ; 0     ;
; Number of registers using Synchronous Load   ; 0     ;
; Number of registers using Asynchronous Clear ; 14    ;
; Number of registers using Asynchronous Load  ; 0     ;
; Number of registers using Clock Enable       ; 3     ;
; Number of registers using Preset             ; 0     ;
+----------------------------------------------+-------+


+-------------------------------------------------------------------------------+
; Parameter Settings for Inferred Entity Instance: secdiv:inst7|lpm_divide:Mod0 ;
+------------------------+----------------+-------------------------------------+
; Parameter Name         ; Value          ; Type                                ;
+------------------------+----------------+-------------------------------------+
; LPM_WIDTHN             ; 6              ; Untyped                             ;
; LPM_WIDTHD             ; 4              ; Untyped                             ;
; LPM_NREPRESENTATION    ; UNSIGNED       ; Untyped                             ;
; LPM_DREPRESENTATION    ; UNSIGNED       ; Untyped                             ;
; LPM_PIPELINE           ; 0              ; Untyped                             ;
; LPM_REMAINDERPOSITIVE  ; TRUE           ; Untyped                             ;
; MAXIMIZE_SPEED         ; 5              ; Untyped                             ;
; CBXI_PARAMETER         ; lpm_divide_edm ; Untyped                             ;
; CARRY_CHAIN            ; MANUAL         ; Untyped                             ;
; OPTIMIZE_FOR_SPEED     ; 5              ; Untyped                             ;
; AUTO_CARRY_CHAINS      ; ON             ; AUTO_CARRY                          ;
; IGNORE_CARRY_BUFFERS   ; OFF            ; IGNORE_CARRY                        ;
; AUTO_CASCADE_CHAINS    ; ON             ; AUTO_CASCADE                        ;
; IGNORE_CASCADE_BUFFERS ; OFF            ; IGNORE_CASCADE                      ;
+------------------------+----------------+-------------------------------------+
Note: In order to hide this table in the UI and the text report file, please set the "Show Parameter Settings in Synthesis Report" option in "Analysis and Synthesis Settings -> More Settings" to "Off".


+-------------------------------------------------------------------------------+
; Parameter Settings for Inferred Entity Instance: secdiv:inst7|lpm_divide:Div0 ;
+------------------------+----------------+-------------------------------------+
; Parameter Name         ; Value          ; Type                                ;
+------------------------+----------------+-------------------------------------+
; LPM_WIDTHN             ; 6              ; Untyped                             ;
; LPM_WIDTHD             ; 4              ; Untyped                             ;
; LPM_NREPRESENTATION    ; UNSIGNED       ; Untyped                             ;
; LPM_DREPRESENTATION    ; UNSIGNED       ; Untyped                             ;
; LPM_PIPELINE           ; 0              ; Untyped                             ;
; LPM_REMAINDERPOSITIVE  ; TRUE           ; Untyped                             ;
; MAXIMIZE_SPEED         ; 5              ; Untyped                             ;
; CBXI_PARAMETER         ; lpm_divide_blm ; Untyped                             ;
; CARRY_CHAIN            ; MANUAL         ; Untyped                             ;
; OPTIMIZE_FOR_SPEED     ; 5              ; Untyped                             ;
; AUTO_CARRY_CHAINS      ; ON             ; AUTO_CARRY                          ;
; IGNORE_CARRY_BUFFERS   ; OFF            ; IGNORE_CARRY                        ;
; AUTO_CASCADE_CHAINS    ; ON             ; AUTO_CASCADE                        ;
; IGNORE_CASCADE_BUFFERS ; OFF            ; IGNORE_CASCADE                      ;
+------------------------+----------------+-------------------------------------+
Note: In order to hide this table in the UI and the text report file, please set the "Show Parameter Settings in Synthesis Report" option in "Analysis and Synthesis Settings -> More Settings" to "Off".


+-------------------------------+
; Elapsed Time Per Partition    ;
+----------------+--------------+
; Partition Name ; Elapsed Time ;
+----------------+--------------+
; Top            ; 00:00:00     ;
+----------------+--------------+


+-------------------------------+
; Analysis & Synthesis Messages ;
+-------------------------------+
Info: *******************************************************************
Info: Running Quartus II 64-Bit Analysis & Synthesis
    Info: Version 13.1.0 Build 162 10/23/2013 SJ Web Edition
    Info: Processing started: Mon Jan 27 18:16:35 2025
Info: Command: quartus_map --read_settings_files=on --write_settings_files=off timer -c timer
Warning (20028): Parallel compilation is not licensed and has been disabled
Info (12021): Found 1 design units, including 1 entities, in source file deccounter.sv
    Info (12023): Found entity 1: deccounter
Info (12021): Found 1 design units, including 1 entities, in source file timer.bdf
    Info (12023): Found entity 1: timer
Info (12021): Found 1 design units, including 1 entities, in source file seccounter.sv
    Info (12023): Found entity 1: seccounter
Info (12021): Found 1 design units, including 1 entities, in source file secdiv.sv
    Info (12023): Found entity 1: secdiv
Info (12021): Found 1 design units, including 1 entities, in source file mincounter.sv
    Info (12023): Found entity 1: mincounter
Info (12021): Found 1 design units, including 1 entities, in source file decoder.sv
    Info (12023): Found entity 1: decoder7
Info (12021): Found 1 design units, including 1 entities, in source file fdiv.sv
    Info (12023): Found entity 1: fdiv
Info (12021): Found 1 design units, including 1 entities, in source file mux2.sv
    Info (12023): Found entity 1: mux2
Info (12021): Found 1 design units, including 1 entities, in source file selector.sv
    Info (12023): Found entity 1: selector
Info (12127): Elaborating entity "timer" for the top level hierarchy
Warning (275011): Block or symbol "decoder7" of instance "inst3" overlaps another block or symbol
Info (12128): Elaborating entity "decoder7" for hierarchy "decoder7:inst1"
Info (12128): Elaborating entity "deccounter" for hierarchy "deccounter:inst"
Warning (10230): Verilog HDL assignment warning at deccounter.sv(21): truncated value with size 32 to match size of target (4)
Info (12128): Elaborating entity "selector" for hierarchy "selector:inst28"
Info (12128): Elaborating entity "mincounter" for hierarchy "mincounter:inst6"
Warning (10230): Verilog HDL assignment warning at mincounter.sv(18): truncated value with size 32 to match size of target (4)
Info (12128): Elaborating entity "seccounter" for hierarchy "seccounter:inst5"
Warning (10230): Verilog HDL assignment warning at seccounter.sv(21): truncated value with size 32 to match size of target (6)
Info (12128): Elaborating entity "secdiv" for hierarchy "secdiv:inst7"
Warning (10230): Verilog HDL assignment warning at secdiv.sv(7): truncated value with size 32 to match size of target (4)
Warning (10230): Verilog HDL assignment warning at secdiv.sv(8): truncated value with size 32 to match size of target (4)
Info (278001): Inferred 2 megafunctions from design logic
    Info (278004): Inferred divider/modulo megafunction ("lpm_divide") from the following logic: "secdiv:inst7|Mod0"
    Info (278004): Inferred divider/modulo megafunction ("lpm_divide") from the following logic: "secdiv:inst7|Div0"
Info (12130): Elaborated megafunction instantiation "secdiv:inst7|lpm_divide:Mod0"
Info (12133): Instantiated megafunction "secdiv:inst7|lpm_divide:Mod0" with the following parameter:
    Info (12134): Parameter "LPM_WIDTHN" = "6"
    Info (12134): Parameter "LPM_WIDTHD" = "4"
    Info (12134): Parameter "LPM_NREPRESENTATION" = "UNSIGNED"
    Info (12134): Parameter "LPM_DREPRESENTATION" = "UNSIGNED"
Info (12021): Found 1 design units, including 1 entities, in source file db/lpm_divide_edm.tdf
    Info (12023): Found entity 1: lpm_divide_edm
Info (12021): Found 1 design units, including 1 entities, in source file db/sign_div_unsign_9kh.tdf
    Info (12023): Found entity 1: sign_div_unsign_9kh
Info (12021): Found 1 design units, including 1 entities, in source file db/alt_u_div_08f.tdf
    Info (12023): Found entity 1: alt_u_div_08f
Info (12021): Found 1 design units, including 1 entities, in source file db/add_sub_1tc.tdf
    Info (12023): Found entity 1: add_sub_1tc
Info (12021): Found 1 design units, including 1 entities, in source file db/add_sub_2tc.tdf
    Info (12023): Found entity 1: add_sub_2tc
Info (12130): Elaborated megafunction instantiation "secdiv:inst7|lpm_divide:Div0"
Info (12133): Instantiated megafunction "secdiv:inst7|lpm_divide:Div0" with the following parameter:
    Info (12134): Parameter "LPM_WIDTHN" = "6"
    Info (12134): Parameter "LPM_WIDTHD" = "4"
    Info (12134): Parameter "LPM_NREPRESENTATION" = "UNSIGNED"
    Info (12134): Parameter "LPM_DREPRESENTATION" = "UNSIGNED"
Info (12021): Found 1 design units, including 1 entities, in source file db/lpm_divide_blm.tdf
    Info (12023): Found entity 1: lpm_divide_blm
Info (286030): Timing-Driven Synthesis is running
Info (16010): Generating hard_block partition "hard_block:auto_generated_inst"
    Info (16011): Adding 0 node(s), including 0 DDIO, 0 PLL, 0 transceiver and 0 LCELL
Info (21057): Implemented 149 device resources after synthesis - the final resource count might be different
    Info (21058): Implemented 3 input pins
    Info (21059): Implemented 32 output pins
    Info (21061): Implemented 114 logic cells
Info: Quartus II 64-Bit Analysis & Synthesis was successful. 0 errors, 7 warnings
    Info: Peak virtual memory: 4683 megabytes
    Info: Processing ended: Mon Jan 27 18:16:37 2025
    Info: Elapsed time: 00:00:02
    Info: Total CPU time (on all processors): 00:00:01


